<?xml version="1.0" encoding="UTF-8"?>
<!-- Generated by org.testng.reporters.JUnitReportReporter -->
<testsuite hostname="ShOeB" failures="0" tests="1" name="testcase.ecomerce" time="0.015" errors="0" timestamp="2022-05-01T01:17:53 BDT" skipped="0">
  <testcase classname="testcase.ecomerce" name="myFirstTest" time="0.015"/>
  <system-out/>
</testsuite> <!-- testcase.ecomerce -->
